<?xml version="1.0" encoding="UTF-8"?>
<testsuite name="enter page banistmo" tests="1" skipped="0" failures="0" errors="0" timestamp="2020-07-03T19:17:41" hostname="CPX-R4SZBWGIAJC" time="23.884">
  <properties/>
  <testcase name="download tariff" classname="enter page banistmo" time="23.884"/>
  <system-out><![CDATA[]]></system-out>
  <system-err><![CDATA[Jul 03, 2020 2:17:42 PM org.openqa.selenium.remote.DesiredCapabilities chrome
INFO: Using `new ChromeOptions()` is preferred to `DesiredCapabilities.chrome()`
Starting ChromeDriver 2.35.528161 (5b82f2d2aae0ca24b877009200ced9065a772e73) on port 9574
Only local connections are allowed.
Jul 03, 2020 2:17:48 PM org.openqa.selenium.remote.ProtocolHandshake createSession
INFO: Detected dialect: OSS
[Test worker] INFO net.serenitybdd.core.Serenity - 
        __    _____ _____ ____ _____   ____   _    ____  ____  _____ ____  
  _     \ \  |_   _| ____/ ___|_   _| |  _ \ / \  / ___|/ ___|| ____|  _ \ 
 (_)_____| |   | | |  _| \___ \ | |   | |_) / _ \ \___ \\___ \|  _| | | | |
  _|_____| |   | | | |___ ___) || |   |  __/ ___ \ ___) |___) | |___| |_| |
 (_)     | |   |_| |_____|____/ |_|   |_| /_/   \_\____/|____/|_____|____/ 
        /_/                                                                

TEST PASSED: download tariff
----------------------------------------------------------------------------
]]></system-err>
</testsuite>
